<?xml version="1.0" encoding="UTF-8"?>
<!-- Generated by org.testng.reporters.JUnitXMLReporter -->
<testsuite ignored="2" hostname="LAPTOP-Q6GBVP9Q" failures="0" tests="1" name="Default test" time="12.493" errors="0" timestamp="2022-12-11T16:45:48 ACDT">
  <testcase classname="tests.TestCreateAccount" name="CreateAccountWithExistingEmail" time="2.287"/>
  <testcase classname="tests.TestCreateAccount" name="CreateAccountWithWrongEmail" time="0.0">
    <ignored/>
  </testcase> <!-- CreateAccountWithWrongEmail -->
  <testcase classname="tests.TestCreateAccount" name="CreateAccount" time="0.0">
    <ignored/>
  </testcase> <!-- CreateAccount -->
</testsuite> <!-- Default test -->
