<?xml version="1.0" encoding="UTF-8"?>
<!-- Generated by org.testng.reporters.JUnitXMLReporter -->
<testsuite ignored="3" hostname="Nabila" failures="0" tests="1" name="Default test" time="12.951" errors="0" timestamp="2022-12-08T18:36:11 EST">
  <testcase classname="tests.TestMyAccountListAddressBooks" name="ChangeBillingAddress" time="7.058"/>
  <testcase classname="tests.TestMyAccountListAddressBooks" name="MyAccount" time="0.0">
    <ignored/>
  </testcase> <!-- MyAccount -->
  <testcase classname="tests.TestMyAccountListAddressBooks" name="AddNewAddress" time="0.0">
    <ignored/>
  </testcase> <!-- AddNewAddress -->
  <testcase classname="tests.TestMyAccountListAddressBooks" name="ChangeShippingAddress" time="0.0">
    <ignored/>
  </testcase> <!-- ChangeShippingAddress -->
</testsuite> <!-- Default test -->
