<?xml version="1.0" encoding="UTF-8"?>
<testng-results ignored="2" total="3" passed="1" failed="0" skipped="0">
  <reporter-output>
  </reporter-output>
  <suite started-at="2022-12-11T16:45:36 ACDT" name="Default suite" finished-at="2022-12-11T16:45:48 ACDT" duration-ms="12493">
    <groups>
    </groups>
    <test started-at="2022-12-11T16:45:36 ACDT" name="Default test" finished-at="2022-12-11T16:45:48 ACDT" duration-ms="12493">
      <class name="tests.TestCreateAccount">
        <test-method is-config="true" signature="getDriver()[pri:0, instance:tests.TestCreateAccount@60f00693]" started-at="2022-12-11T16:45:36 ACDT" name="getDriver" finished-at="2022-12-11T16:45:45 ACDT" duration-ms="9058" status="PASS">
          <reporter-output>
          </reporter-output>
        </test-method> <!-- getDriver -->
        <test-method is-config="true" signature="CreatAccount()[pri:0, instance:tests.TestCreateAccount@60f00693]" started-at="2022-12-11T16:45:45 ACDT" name="CreatAccount" finished-at="2022-12-11T16:45:45 ACDT" duration-ms="1" status="PASS">
          <reporter-output>
          </reporter-output>
        </test-method> <!-- CreatAccount -->
        <test-method is-config="true" signature="CreateAccountButton()[pri:0, instance:tests.TestCreateAccount@60f00693]" started-at="2022-12-11T16:45:45 ACDT" name="CreateAccountButton" finished-at="2022-12-11T16:45:46 ACDT" duration-ms="1117" status="PASS">
          <reporter-output>
          </reporter-output>
        </test-method> <!-- CreateAccountButton -->
        <test-method signature="CreateAccountWithExistingEmail()[pri:2, instance:tests.TestCreateAccount@60f00693]" started-at="2022-12-11T16:45:46 ACDT" name="CreateAccountWithExistingEmail" finished-at="2022-12-11T16:45:48 ACDT" duration-ms="2287" status="PASS">
          <reporter-output>
          </reporter-output>
        </test-method> <!-- CreateAccountWithExistingEmail -->
      </class> <!-- tests.TestCreateAccount -->
    </test> <!-- Default test -->
  </suite> <!-- Default suite -->
</testng-results>
