<?xml version="1.0" encoding="UTF-8"?>
<testng-results ignored="3" total="4" passed="1" failed="0" skipped="0">
  <reporter-output>
  </reporter-output>
  <suite started-at="2022-12-08T18:35:58 EST" name="Default suite" finished-at="2022-12-08T18:36:11 EST" duration-ms="12951">
    <groups>
    </groups>
    <test started-at="2022-12-08T18:35:58 EST" name="Default test" finished-at="2022-12-08T18:36:11 EST" duration-ms="12951">
      <class name="tests.TestMyAccountListAddressBooks">
        <test-method is-config="true" signature="getDriver()[pri:0, instance:tests.TestMyAccountListAddressBooks@75db5df9]" started-at="2022-12-08T18:35:58 EST" name="getDriver" finished-at="2022-12-08T18:36:01 EST" duration-ms="2795" status="PASS">
          <reporter-output>
          </reporter-output>
        </test-method> <!-- getDriver -->
        <test-method is-config="true" signature="Signin()[pri:0, instance:tests.TestMyAccountListAddressBooks@75db5df9]" started-at="2022-12-08T18:36:01 EST" name="Signin" finished-at="2022-12-08T18:36:04 EST" duration-ms="3044" status="PASS">
          <reporter-output>
          </reporter-output>
        </test-method> <!-- Signin -->
        <test-method signature="ChangeBillingAddress()[pri:2, instance:tests.TestMyAccountListAddressBooks@75db5df9]" started-at="2022-12-08T18:36:04 EST" name="ChangeBillingAddress" finished-at="2022-12-08T18:36:11 EST" duration-ms="7058" status="PASS">
          <reporter-output>
          </reporter-output>
        </test-method> <!-- ChangeBillingAddress -->
      </class> <!-- tests.TestMyAccountListAddressBooks -->
    </test> <!-- Default test -->
  </suite> <!-- Default suite -->
</testng-results>
